<?xml version="1.0" encoding="UTF-8"?>
<!-- Generated by org.testng.reporters.JUnitReportReporter -->
<testsuite skipped="0" hostname="vinni-PC" name="org.sspart.mySeleniumClass.FirstTestngClass" tests="2" failures="0" timestamp="27 Feb 2019 14:27:43 GMT" time="11.831" errors="0">
  <testcase name="testCase002" time="3.380" classname="org.sspart.mySeleniumClass.FirstTestngClass"/>
  <testcase name="testCase001" time="8.451" classname="org.sspart.mySeleniumClass.FirstTestngClass"/>
</testsuite> <!-- org.sspart.mySeleniumClass.FirstTestngClass -->
