<?xml version="1.0" encoding="UTF-8"?>
<!-- Generated by org.testng.reporters.JUnitReportReporter -->
<testsuite skipped="0" hostname="vinni-PC" name="org.sspart.mySeleniumClass.FirstTestngClass" tests="2" failures="0" timestamp="19 Feb 2019 18:46:00 GMT" time="6.838" errors="0">
  <testcase name="testCase002" time="3.284" classname="org.sspart.mySeleniumClass.FirstTestngClass"/>
  <testcase name="testCase001" time="3.554" classname="org.sspart.mySeleniumClass.FirstTestngClass"/>
</testsuite> <!-- org.sspart.mySeleniumClass.FirstTestngClass -->
