<?xml version="1.0" encoding="UTF-8"?>
<!-- Generated by org.testng.reporters.JUnitReportReporter -->
<testsuite skipped="0" hostname="vinni-PC" name="org.sspart.mySeleniumClass.FirstTestngClass" tests="2" failures="0" timestamp="21 Feb 2019 07:03:08 GMT" time="9.797" errors="0">
  <testcase name="testCase001" time="6.515" classname="org.sspart.mySeleniumClass.FirstTestngClass"/>
  <testcase name="testCase002" time="3.282" classname="org.sspart.mySeleniumClass.FirstTestngClass"/>
</testsuite> <!-- org.sspart.mySeleniumClass.FirstTestngClass -->
